\BOOKMARK [0][]{chapter*.5}{Abbildungsverzeichnis}{}% 1
\BOOKMARK [0][]{chapter*.6}{Tabellenverzeichnis}{}% 2
\BOOKMARK [0][]{chapter.1}{1 Einteilung in Kapitel}{}% 3
\BOOKMARK [1][]{section.1.1}{1.1 Ein Unterkapitel}{chapter.1}% 4
\BOOKMARK [1][]{section.1.2}{1.2 Abschnitte}{chapter.1}% 5
\BOOKMARK [2][]{subsection.1.2.1}{1.2.1 Unterabschnitte}{section.1.2}% 6
\BOOKMARK [1][]{section.1.3}{1.3 Acrobat und TeXnicCenter}{chapter.1}% 7
\BOOKMARK [0][]{chapter.2}{2 Schriften}{}% 8
\BOOKMARK [1][]{section.2.1}{2.1 Schriftstil}{chapter.2}% 9
\BOOKMARK [2][]{subsection.2.1.1}{2.1.1 Hervorhebung}{section.2.1}% 10
\BOOKMARK [1][]{section.2.2}{2.2 Schriftart}{chapter.2}% 11
\BOOKMARK [1][]{section.2.3}{2.3 Schriftgr\366\337en}{chapter.2}% 12
\BOOKMARK [0][]{chapter.3}{3 Abst\344nde}{}% 13
\BOOKMARK [1][]{section.3.1}{3.1 Umbruch}{chapter.3}% 14
\BOOKMARK [1][]{section.3.2}{3.2 Abst\344nde}{chapter.3}% 15
\BOOKMARK [2][]{subsection.3.2.1}{3.2.1 Zeilenabstand}{section.3.2}% 16
\BOOKMARK [2][]{subsection.3.2.2}{3.2.2 Ma\337einheiten}{section.3.2}% 17
\BOOKMARK [2][]{subsection.3.2.3}{3.2.3 Text schieben}{section.3.2}% 18
\BOOKMARK [1][]{section.3.3}{3.3 Zentrierter Text}{chapter.3}% 19
\BOOKMARK [1][]{section.3.4}{3.4 Eingezogener Text}{chapter.3}% 20
\BOOKMARK [0][]{chapter.4}{4 Listen}{}% 21
\BOOKMARK [1][]{section.4.1}{4.1 Spiegelstrich}{chapter.4}% 22
\BOOKMARK [1][]{section.4.2}{4.2 Mit Nummern}{chapter.4}% 23
\BOOKMARK [1][]{section.4.3}{4.3 Mit eigenen Items}{chapter.4}% 24
\BOOKMARK [0][]{chapter.5}{5 Mathematik}{}% 25
\BOOKMARK [1][]{section.5.1}{5.1 Im Text}{chapter.5}% 26
\BOOKMARK [1][]{section.5.2}{5.2 Abgesetzte Gleichungen}{chapter.5}% 27
\BOOKMARK [0][]{chapter.6}{6 Tabellen}{}% 28
\BOOKMARK [1][]{section.6.1}{6.1 Einfach mit Tabs}{chapter.6}% 29
\BOOKMARK [1][]{section.6.2}{6.2 Eine sch\366ne Tabelle}{chapter.6}% 30
\BOOKMARK [1][]{section.6.3}{6.3 Bilder JPG-format}{chapter.6}% 31
\BOOKMARK [2][]{subsection.6.3.1}{6.3.1 Erzeugung}{section.6.3}% 32
\BOOKMARK [1][]{section.6.4}{6.4 Bilder im pdf-Format}{chapter.6}% 33
\BOOKMARK [0][]{chapter.7}{7 Referenzen}{}% 34
\BOOKMARK [1][]{section.7.1}{7.1 Referenzen}{chapter.7}% 35
\BOOKMARK [1][]{section.7.2}{7.2 Fu\337noten}{chapter.7}% 36
\BOOKMARK [1][]{section.7.3}{7.3 Zitate}{chapter.7}% 37
\BOOKMARK [0][]{chapter.8}{8 Macros}{}% 38
\BOOKMARK [1][]{section.8.1}{8.1 Beispiele}{chapter.8}% 39
\BOOKMARK [1][]{section.8.2}{8.2 Gleichungen}{chapter.8}% 40
\BOOKMARK [1][]{chapter*.8}{Literatur}{chapter.8}% 41
\BOOKMARK [1][]{chapter*.8}{Literatur}{chapter.8}% 42
\BOOKMARK [0][]{chapter*.9}{Index}{}% 43
\BOOKMARK [0][]{appendix.A}{A Komplizierte Sch\344tzer-Begriffe endlich in Deutsch}{}% 44
\BOOKMARK [1][]{section.A.1}{A.1 Mutterbrett und Riesenbiss}{appendix.A}% 45
\BOOKMARK [1][]{section.A.2}{A.2 Winzigweich und Kraftpunkt}{appendix.A}% 46
\BOOKMARK [1][]{section.A.3}{A.3 Aufsteller und Einsetzer}{appendix.A}% 47
\BOOKMARK [0][]{appendix.B}{B \334bersetzungshilfe}{}% 48
